2025-12-23 22:51:27,449 INFO    MainThread:8652 [wandb_setup.py:_flush():80] Current SDK version is 0.23.1
2025-12-23 22:51:27,449 INFO    MainThread:8652 [wandb_setup.py:_flush():80] Configure stats pid to 8652
2025-12-23 22:51:27,449 INFO    MainThread:8652 [wandb_setup.py:_flush():80] Loading settings from C:\Users\Lenovo\.config\wandb\settings
2025-12-23 22:51:27,449 INFO    MainThread:8652 [wandb_setup.py:_flush():80] Loading settings from D:\SpaFusion\wandb\settings
2025-12-23 22:51:27,449 INFO    MainThread:8652 [wandb_setup.py:_flush():80] Loading settings from environment variables
2025-12-23 22:51:27,449 INFO    MainThread:8652 [wandb_init.py:setup_run_log_directory():714] Logging user logs to D:\SpaFusion\wandb\run-20251223_225127-3ofkxh8d\logs\debug.log
2025-12-23 22:51:27,451 INFO    MainThread:8652 [wandb_init.py:setup_run_log_directory():715] Logging internal logs to D:\SpaFusion\wandb\run-20251223_225127-3ofkxh8d\logs\debug-internal.log
2025-12-23 22:51:27,451 INFO    MainThread:8652 [wandb_init.py:init():841] calling init triggers
2025-12-23 22:51:27,451 INFO    MainThread:8652 [wandb_init.py:init():846] wandb.init called with sweep_config: {}
config: {'name': 'D1', 'device': 'cuda:0', 'seed': 0, 'spatial_k': 9, 'adj_k': 20, 'lambda1': 1, 'lambda2': 0.1, 'weight_list': [1, 1, 1, 1, 1, 1], 'lr': 0.002, 'pretrain_epoch': 10000, 'train_epoch': 350, 'use_wandb': True, 'wandb_project': 'SpaFusion', 'mae_epochs': 500, 'mae_mask_ratio': 0.15, 'skip_pretrain': True, '_wandb': {}}
2025-12-23 22:51:27,451 INFO    MainThread:8652 [wandb_init.py:init():889] starting backend
2025-12-23 22:51:28,708 INFO    Thread-7 (wrapped_target):8652 [retry.py:__call__():164] [no run ID] Retry attempt failed:
urllib3.exceptions.SSLError: EOF occurred in violation of protocol (_ssl.c:1007)

The above exception was the direct cause of the following exception:

Traceback (most recent call last):
  File "D:\SpaFusion\.venv\lib\site-packages\requests\adapters.py", line 486, in send
    resp = conn.urlopen(
  File "D:\SpaFusion\.venv\lib\site-packages\urllib3\connectionpool.py", line 841, in urlopen
    retries = retries.increment(
  File "D:\SpaFusion\.venv\lib\site-packages\urllib3\util\retry.py", line 519, in increment
    raise MaxRetryError(_pool, url, reason) from reason  # type: ignore[arg-type]
urllib3.exceptions.MaxRetryError: HTTPSConnectionPool(host='api.wandb.ai', port=443): Max retries exceeded with url: /graphql (Caused by SSLError(SSLEOFError(8, 'EOF occurred in violation of protocol (_ssl.c:1007)')))

During handling of the above exception, another exception occurred:

Traceback (most recent call last):
  File "D:\SpaFusion\.venv\lib\site-packages\wandb\sdk\lib\retry.py", line 157, in __call__
    result = self._call_fn(*args, **kwargs)
  File "D:\SpaFusion\.venv\lib\site-packages\wandb\sdk\internal\internal_api.py", line 391, in execute
    return self.client.execute(*args, **kwargs)  # type: ignore
  File "D:\SpaFusion\.venv\lib\site-packages\wandb\vendor\gql-0.2.0\wandb_gql\client.py", line 52, in execute
    result = self._get_result(document, *args, **kwargs)
  File "D:\SpaFusion\.venv\lib\site-packages\wandb\vendor\gql-0.2.0\wandb_gql\client.py", line 60, in _get_result
    return self.transport.execute(document, *args, **kwargs)
  File "D:\SpaFusion\.venv\lib\site-packages\wandb\sdk\lib\gql_request.py", line 70, in execute
    request = self.session.post(self.url, **post_args)
  File "D:\SpaFusion\.venv\lib\site-packages\requests\sessions.py", line 637, in post
    return self.request("POST", url, data=data, json=json, **kwargs)
  File "D:\SpaFusion\.venv\lib\site-packages\requests\sessions.py", line 589, in request
    resp = self.send(prep, **send_kwargs)
  File "D:\SpaFusion\.venv\lib\site-packages\requests\sessions.py", line 703, in send
    r = adapter.send(request, **kwargs)
  File "D:\SpaFusion\.venv\lib\site-packages\requests\adapters.py", line 517, in send
    raise SSLError(e, request=request)
requests.exceptions.SSLError: HTTPSConnectionPool(host='api.wandb.ai', port=443): Max retries exceeded with url: /graphql (Caused by SSLError(SSLEOFError(8, 'EOF occurred in violation of protocol (_ssl.c:1007)')))
2025-12-23 22:51:29,795 INFO    MainThread:8652 [wandb_init.py:init():892] sending inform_init request
2025-12-23 22:51:29,807 INFO    MainThread:8652 [wandb_init.py:init():900] backend started and connected
2025-12-23 22:51:29,809 INFO    MainThread:8652 [wandb_init.py:init():970] updated telemetry
2025-12-23 22:51:29,851 INFO    MainThread:8652 [wandb_init.py:init():994] communicating run to backend with 90.0 second timeout
2025-12-23 22:51:31,256 INFO    MainThread:8652 [wandb_init.py:init():1041] starting run threads in backend
2025-12-23 22:51:31,387 INFO    MainThread:8652 [wandb_run.py:_console_start():2521] atexit reg
2025-12-23 22:51:31,387 INFO    MainThread:8652 [wandb_run.py:_redirect():2369] redirect: wrap_raw
2025-12-23 22:51:31,387 INFO    MainThread:8652 [wandb_run.py:_redirect():2438] Wrapping output streams.
2025-12-23 22:51:31,387 INFO    MainThread:8652 [wandb_run.py:_redirect():2461] Redirects installed.
2025-12-23 22:51:31,389 INFO    MainThread:8652 [wandb_init.py:init():1081] run started, returning control to user process
2025-12-23 22:51:41,751 INFO    MainThread:8652 [wandb_run.py:_finish():2287] finishing run invictus_nxu/SpaFusion/3ofkxh8d
2025-12-23 22:51:41,752 INFO    MainThread:8652 [wandb_run.py:_atexit_cleanup():2486] got exitcode: 0
2025-12-23 22:51:41,752 INFO    MainThread:8652 [wandb_run.py:_restore():2468] restore
2025-12-23 22:51:41,752 INFO    MainThread:8652 [wandb_run.py:_restore():2474] restore done
2025-12-23 22:51:43,644 INFO    MainThread:8652 [wandb_run.py:_footer_sync_info():3862] logging synced files
