âœ“ WandB initialized: D1_seed0_20260114_094209
Traceback (most recent call last):
  File "D:\SpaFusion\.venv\lib\site-packages\anndata\_io\utils.py", line 202, in func_wrapper
    return func(*args, **kwargs)
  File "D:\SpaFusion\.venv\lib\site-packages\anndata\_io\specs\registry.py", line 235, in read_elem
    return self.callback(read_func, elem.name, elem, iospec=get_spec(elem))
  File "D:\SpaFusion\.venv\lib\site-packages\anndata\_io\h5ad.py", line 241, in callback
    return func(elem)
  File "D:\SpaFusion\.venv\lib\site-packages\anndata\_io\specs\methods.py", line 500, in read_sparse
    return SparseDataset(elem).to_memory()
  File "D:\SpaFusion\.venv\lib\site-packages\anndata\_core\sparse_dataset.py", line 379, in to_memory
    mtx.data = self.group["data"][...]
  File "h5py\_objects.pyx", line 54, in h5py._objects.with_phil.wrapper
  File "h5py\_objects.pyx", line 55, in h5py._objects.with_phil.wrapper
  File "D:\SpaFusion\.venv\lib\site-packages\h5py\_hl\dataset.py", line 758, in __getitem__
    return self._fast_reader.read(args)
  File "h5py\_selector.pyx", line 368, in h5py._selector.Reader.read
  File "h5py\_selector.pyx", line 342, in h5py._selector.Reader.make_array
numpy.core._exceptions._ArrayMemoryError: Unable to allocate 14.1 MiB for an array with shape (3704999,) and data type float32

The above exception was the direct cause of the following exception:

Traceback (most recent call last):
  File "d:\SpaFusion\main.py", line 475, in <module>
    adata_omics1 = sc.read_h5ad(data_path + 'adata_RNA.h5ad')
  File "D:\SpaFusion\.venv\lib\site-packages\anndata\_io\h5ad.py", line 243, in read_h5ad
    adata = read_dispatched(f, callback=callback)
  File "D:\SpaFusion\.venv\lib\site-packages\anndata\experimental\__init__.py", line 58, in read_dispatched
    return reader.read_elem(elem)
  File "D:\SpaFusion\.venv\lib\site-packages\anndata\_io\utils.py", line 204, in func_wrapper
    re_raise_error(e, elem)
  File "D:\SpaFusion\.venv\lib\site-packages\anndata\_io\utils.py", line 185, in re_raise_error
    raise e
  File "D:\SpaFusion\.venv\lib\site-packages\anndata\_io\utils.py", line 202, in func_wrapper
    return func(*args, **kwargs)
  File "D:\SpaFusion\.venv\lib\site-packages\anndata\_io\specs\registry.py", line 235, in read_elem
    return self.callback(read_func, elem.name, elem, iospec=get_spec(elem))
  File "D:\SpaFusion\.venv\lib\site-packages\anndata\_io\h5ad.py", line 224, in callback
    **{
  File "D:\SpaFusion\.venv\lib\site-packages\anndata\_io\h5ad.py", line 227, in <dictcomp>
    k: read_dispatched(elem[k], callback)
  File "D:\SpaFusion\.venv\lib\site-packages\anndata\experimental\__init__.py", line 58, in read_dispatched
    return reader.read_elem(elem)
  File "D:\SpaFusion\.venv\lib\site-packages\anndata\_io\utils.py", line 204, in func_wrapper
    re_raise_error(e, elem)
  File "D:\SpaFusion\.venv\lib\site-packages\anndata\_io\utils.py", line 188, in re_raise_error
    raise AnnDataReadError(
anndata._io.utils.AnnDataReadError: Above error raised while reading key '/X' of type <class 'h5py._hl.group.Group'> from /.
Traceback (most recent call last):
  File "D:\SpaFusion\.venv\lib\site-packages\anndata\_io\utils.py", line 202, in func_wrapper
    return func(*args, **kwargs)
  File "D:\SpaFusion\.venv\lib\site-packages\anndata\_io\specs\registry.py", line 235, in read_elem
    return self.callback(read_func, elem.name, elem, iospec=get_spec(elem))
  File "D:\SpaFusion\.venv\lib\site-packages\anndata\_io\h5ad.py", line 241, in callback
    return func(elem)
  File "D:\SpaFusion\.venv\lib\site-packages\anndata\_io\specs\methods.py", line 500, in read_sparse
    return SparseDataset(elem).to_memory()
  File "D:\SpaFusion\.venv\lib\site-packages\anndata\_core\sparse_dataset.py", line 379, in to_memory
    mtx.data = self.group["data"][...]
  File "h5py\_objects.pyx", line 54, in h5py._objects.with_phil.wrapper
  File "h5py\_objects.pyx", line 55, in h5py._objects.with_phil.wrapper
  File "D:\SpaFusion\.venv\lib\site-packages\h5py\_hl\dataset.py", line 758, in __getitem__
    return self._fast_reader.read(args)
  File "h5py\_selector.pyx", line 368, in h5py._selector.Reader.read
  File "h5py\_selector.pyx", line 342, in h5py._selector.Reader.make_array
numpy.core._exceptions._ArrayMemoryError: Unable to allocate 14.1 MiB for an array with shape (3704999,) and data type float32

The above exception was the direct cause of the following exception:

Traceback (most recent call last):
  File "d:\SpaFusion\main.py", line 475, in <module>
    adata_omics1 = sc.read_h5ad(data_path + 'adata_RNA.h5ad')
  File "D:\SpaFusion\.venv\lib\site-packages\anndata\_io\h5ad.py", line 243, in read_h5ad
    adata = read_dispatched(f, callback=callback)
  File "D:\SpaFusion\.venv\lib\site-packages\anndata\experimental\__init__.py", line 58, in read_dispatched
    return reader.read_elem(elem)
  File "D:\SpaFusion\.venv\lib\site-packages\anndata\_io\utils.py", line 204, in func_wrapper
    re_raise_error(e, elem)
  File "D:\SpaFusion\.venv\lib\site-packages\anndata\_io\utils.py", line 185, in re_raise_error
    raise e
  File "D:\SpaFusion\.venv\lib\site-packages\anndata\_io\utils.py", line 202, in func_wrapper
    return func(*args, **kwargs)
  File "D:\SpaFusion\.venv\lib\site-packages\anndata\_io\specs\registry.py", line 235, in read_elem
    return self.callback(read_func, elem.name, elem, iospec=get_spec(elem))
  File "D:\SpaFusion\.venv\lib\site-packages\anndata\_io\h5ad.py", line 224, in callback
    **{
  File "D:\SpaFusion\.venv\lib\site-packages\anndata\_io\h5ad.py", line 227, in <dictcomp>
    k: read_dispatched(elem[k], callback)
  File "D:\SpaFusion\.venv\lib\site-packages\anndata\experimental\__init__.py", line 58, in read_dispatched
    return reader.read_elem(elem)
  File "D:\SpaFusion\.venv\lib\site-packages\anndata\_io\utils.py", line 204, in func_wrapper
    re_raise_error(e, elem)
  File "D:\SpaFusion\.venv\lib\site-packages\anndata\_io\utils.py", line 188, in re_raise_error
    raise AnnDataReadError(
anndata._io.utils.AnnDataReadError: Above error raised while reading key '/X' of type <class 'h5py._hl.group.Group'> from /.
